<?xml version="1.0" encoding="UTF-8"?>
<testsuite name="com.mybank.service.NotificationServiceImplTest" tests="2" skipped="0" failures="0" errors="0" timestamp="2024-06-20T02:15:34" hostname="nbr-5pjq9n3" time="0.076">
  <properties/>
  <testcase name="testDoNotSendNotification()" classname="com.mybank.service.NotificationServiceImplTest" time="0.069"/>
  <testcase name="testSendNotification()" classname="com.mybank.service.NotificationServiceImplTest" time="0.004"/>
  <system-out><![CDATA[Rate limit exceeded for STATUS for user user1
]]></system-out>
  <system-err><![CDATA[]]></system-err>
</testsuite>
