<?xml version="1.0" encoding="UTF-8"?>
<testsuite name="com.mybank.domain.RateLimitConfigFactoryTest" tests="4" skipped="0" failures="0" errors="0" timestamp="2024-06-20T02:15:17" hostname="nbr-5pjq9n3" time="0.004">
  <properties/>
  <testcase name="testOtherNotificationType()" classname="com.mybank.domain.RateLimitConfigFactoryTest" time="0.001"/>
  <testcase name="testNewsNotificationType()" classname="com.mybank.domain.RateLimitConfigFactoryTest" time="0.001"/>
  <testcase name="testMarketingNotificationType()" classname="com.mybank.domain.RateLimitConfigFactoryTest" time="0.001"/>
  <testcase name="testStatusNotificationType()" classname="com.mybank.domain.RateLimitConfigFactoryTest" time="0.001"/>
  <system-out><![CDATA[]]></system-out>
  <system-err><![CDATA[]]></system-err>
</testsuite>
