<?xml version="1.0" encoding="UTF-8"?>
<testsuite name="com.mybank.repository.RateLimitRepositoryTest" tests="2" skipped="0" failures="0" errors="0" timestamp="2024-06-20T02:15:33" hostname="nbr-5pjq9n3" time="0.576">
  <properties/>
  <testcase name="testSaveNotification()" classname="com.mybank.repository.RateLimitRepositoryTest" time="0.572"/>
  <testcase name="testFindNotification()" classname="com.mybank.repository.RateLimitRepositoryTest" time="0.003"/>
  <system-out><![CDATA[]]></system-out>
  <system-err><![CDATA[WARNING: A Java agent has been loaded dynamically (/home/erikykashivagui/.gradle/caches/modules-2/files-2.1/net.bytebuddy/byte-buddy-agent/1.14.15/b4cc9d88d5de562bf75b3a54ab436ad01b3f72d/byte-buddy-agent-1.14.15.jar)
WARNING: If a serviceability tool is in use, please run with -XX:+EnableDynamicAgentLoading to hide this warning
WARNING: If a serviceability tool is not in use, please run with -Djdk.instrument.traceUsage for more information
WARNING: Dynamic loading of agents will be disallowed by default in a future release
]]></system-err>
</testsuite>
