<?xml version="1.0" encoding="UTF-8"?>
<testsuite name="com.mybank.domain.NotificationTypeTest" tests="1" skipped="0" failures="0" errors="0" timestamp="2024-06-20T02:15:17" hostname="nbr-5pjq9n3" time="0.001">
  <properties/>
  <testcase name="getValues()" classname="com.mybank.domain.NotificationTypeTest" time="0.001"/>
  <system-out><![CDATA[]]></system-out>
  <system-err><![CDATA[]]></system-err>
</testsuite>
